<?xml version="1.0" encoding="UTF-8"?>
<testsuites>
  <testsuite name="hello" timestamp="2024-07-08T10:14:56Z" hostname="47561dbbdda7" tests="3" skipped="0" failures="0" errors="0" time="0.198">
    <testcase time="0.011" classname="hello" name="hello_works"/>
    <testcase time="0.176" classname="hello" name="hello_cli_works"/>
    <testcase time="0.011" classname="hello" name="fix_me_"/>
  </testsuite>
</testsuites>
